{"level":"info","message":"Server is running on http://localhost:8060"}
{"level":"info","message":"Server is running on http://localhost:8060"}
{"level":"info","message":"Server is running on http://localhost:8060"}
{"level":"info","message":"Server is running on http://localhost:8060"}
{"level":"info","message":"Server is running on http://localhost:8060"}
{"level":"info","message":"Server is running on http://localhost:8060"}
{"level":"info","message":"Server is running on http://localhost:8060"}
{"level":"info","message":"Server is running on http://localhost:8060"}
{"level":"error","message":"Failed to generate report: Operation `authors.find()` buffering timed out after 10000ms","stack":"MongooseError: Operation `authors.find()` buffering timed out after 10000ms\n    at Timeout.<anonymous> (C:\\Users\\navee\\OneDrive\\Desktop\\cba\\library\\node_modules\\mongoose\\lib\\drivers\\node-mongodb-native\\collection.js:185:23)\n    at listOnTimeout (node:internal/timers:564:17)\n    at process.processTimers (node:internal/timers:507:7)"}
{"level":"info","message":"Server is running on http://localhost:8060"}
{"level":"info","message":"Server is running on http://localhost:8060"}
{"level":"info","message":"Server is running on http://localhost:8060"}
{"level":"info","message":"Server is running on http://localhost:8060"}
{"level":"error","message":"Failed to generate report: Operation `authors.find()` buffering timed out after 10000ms","stack":"MongooseError: Operation `authors.find()` buffering timed out after 10000ms\n    at Timeout.<anonymous> (C:\\Users\\navee\\OneDrive\\Desktop\\cba\\library\\node_modules\\mongoose\\lib\\drivers\\node-mongodb-native\\collection.js:185:23)\n    at listOnTimeout (node:internal/timers:564:17)\n    at process.processTimers (node:internal/timers:507:7)"}
{"level":"error","message":"Failed to generate report: Operation `authors.find()` buffering timed out after 10000ms","stack":"MongooseError: Operation `authors.find()` buffering timed out after 10000ms\n    at Timeout.<anonymous> (C:\\Users\\navee\\OneDrive\\Desktop\\cba\\library\\node_modules\\mongoose\\lib\\drivers\\node-mongodb-native\\collection.js:185:23)\n    at listOnTimeout (node:internal/timers:564:17)\n    at process.processTimers (node:internal/timers:507:7)"}
{"level":"info","message":"Server is running on http://localhost:8060"}
{"level":"info","message":"Server is running on http://localhost:8060"}
{"level":"info","message":"Report generated:"}
{"level":"info","message":"Server is running on http://localhost:8060"}
{"level":"info","message":"Report generated:"}
{"level":"info","message":"Report generated:"}
{"level":"info","message":"Report generated:"}
{"level":"info","message":"Report generated:"}
{"level":"info","message":"Report generated:"}
{"level":"info","message":"Server is running on http://localhost:8060"}
{"level":"error","message":"Failed to generate report: Operation `authors.find()` buffering timed out after 10000ms","stack":"MongooseError: Operation `authors.find()` buffering timed out after 10000ms\n    at Timeout.<anonymous> (C:\\Users\\navee\\OneDrive\\Desktop\\cba\\library\\node_modules\\mongoose\\lib\\drivers\\node-mongodb-native\\collection.js:185:23)\n    at listOnTimeout (node:internal/timers:564:17)\n    at process.processTimers (node:internal/timers:507:7)"}
{"level":"error","message":"Failed to generate report: Operation `authors.find()` buffering timed out after 10000ms","stack":"MongooseError: Operation `authors.find()` buffering timed out after 10000ms\n    at Timeout.<anonymous> (C:\\Users\\navee\\OneDrive\\Desktop\\cba\\library\\node_modules\\mongoose\\lib\\drivers\\node-mongodb-native\\collection.js:185:23)\n    at listOnTimeout (node:internal/timers:564:17)\n    at process.processTimers (node:internal/timers:507:7)"}
{"level":"error","message":"Failed to generate report: Operation `authors.find()` buffering timed out after 10000ms","stack":"MongooseError: Operation `authors.find()` buffering timed out after 10000ms\n    at Timeout.<anonymous> (C:\\Users\\navee\\OneDrive\\Desktop\\cba\\library\\node_modules\\mongoose\\lib\\drivers\\node-mongodb-native\\collection.js:185:23)\n    at listOnTimeout (node:internal/timers:564:17)\n    at process.processTimers (node:internal/timers:507:7)"}
{"level":"error","message":"Failed to generate report: Operation `authors.find()` buffering timed out after 10000ms","stack":"MongooseError: Operation `authors.find()` buffering timed out after 10000ms\n    at Timeout.<anonymous> (C:\\Users\\navee\\OneDrive\\Desktop\\cba\\library\\node_modules\\mongoose\\lib\\drivers\\node-mongodb-native\\collection.js:185:23)\n    at listOnTimeout (node:internal/timers:564:17)\n    at process.processTimers (node:internal/timers:507:7)"}
{"level":"error","message":"Failed to generate report: Operation `authors.find()` buffering timed out after 10000ms","stack":"MongooseError: Operation `authors.find()` buffering timed out after 10000ms\n    at Timeout.<anonymous> (C:\\Users\\navee\\OneDrive\\Desktop\\cba\\library\\node_modules\\mongoose\\lib\\drivers\\node-mongodb-native\\collection.js:185:23)\n    at listOnTimeout (node:internal/timers:564:17)\n    at process.processTimers (node:internal/timers:507:7)"}
{"level":"info","message":"Server is running on http://localhost:8060"}
{"$__":{"$versionError":null,"activePaths":{"paths":{"contactNo":"require","email":"require","firstName":"require","lastName":"require"},"states":{"default":{},"modify":{},"require":{"contactNo":true,"email":true,"firstName":true,"lastName":true}}},"backup":{"activePaths":{"default":{"_id":true},"modify":{"contactNo":true,"email":true,"firstName":true,"lastName":true}},"validationError":null},"cachedRequired":{},"inserting":true,"op":null,"saveOptions":null,"savedState":{},"saving":null,"validating":null},"$isNew":false,"_doc":{"__v":0,"_id":"649ba6627a1b7610d5b4f8cf","contactNo":"1234567890","email":"1.doe@example.com","firstName":"John 1","lastName":"Doe 2"},"level":"info","message":"New author registered:"}
{"$__":{"$versionError":null,"activePaths":{"paths":{"contactNo":"require","email":"require","firstName":"require","lastName":"require"},"states":{"default":{},"modify":{},"require":{"contactNo":true,"email":true,"firstName":true,"lastName":true}}},"backup":{"activePaths":{"default":{"_id":true},"modify":{"contactNo":true,"email":true,"firstName":true,"lastName":true}},"validationError":null},"cachedRequired":{},"inserting":true,"op":null,"saveOptions":null,"savedState":{},"saving":null,"validating":null},"$isNew":false,"_doc":{"__v":0,"_id":"649ba6bf7a1b7610d5b4f8d1","contactNo":"1234567890f","email":"1.doe@examplecom","firstName":"John 3","lastName":"Doe 3"},"level":"info","message":"New author registered:"}
{"level":"info","message":"Report generated:"}
{"level":"info","message":"Report generated:"}
{"level":"info","message":"Report generated:"}
{"level":"info","message":"Report generated:"}
{"$__":{"$versionError":null,"activePaths":{"paths":{"author":"require","category":"require","isbn":"require","title":"require"},"states":{"default":{},"modify":{},"require":{"author":true,"category":true,"isbn":true,"title":true}}},"backup":{"activePaths":{"default":{"_id":true,"likeCount":true},"modify":{"author":true,"category":true,"isbn":true,"title":true}},"validationError":null},"cachedRequired":{},"inserting":true,"op":null,"populated":{"author":{"options":{},"value":"649afc0196c0f9731f760045"}},"saveOptions":null,"savedState":{},"saving":null,"validating":null},"$isNew":false,"_doc":{"__v":0,"_id":"649bb8407a1b7610d5b4f8de","author":{"__v":0,"_id":"649afc0196c0f9731f760045","contactNo":"1234567890","email":"1.doe@example.com","firstName":"John","lastName":"Doe"},"category":"Fiction","isbn":"978-0-123456-78-92","likeCount":0,"title":"Sample Book 2"},"level":"info","message":"New book registered:"}
{"level":"info","message":"Report generated:"}
{"level":"info","message":"Report generated:"}
{"level":"info","message":"Server is running on http://localhost:8060"}
{"level":"info","message":"Server is running on http://localhost:8060"}
{"level":"info","message":"Server is running on http://localhost:8060"}
{"level":"info","message":"Server is running on http://localhost:8060"}
{"level":"info","message":"Server is running on http://localhost:8060"}
{"code":"ENOENT","errno":-4058,"level":"error","message":"Failed to generate report: ENOENT: no such file or directory, open 'C:\\Users\\navee\\OneDrive\\Desktop\\cba\\Backend\\report_2023-06-28T05-44-00.362Z.txt'","path":"C:\\Users\\navee\\OneDrive\\Desktop\\cba\\Backend\\report_2023-06-28T05-44-00.362Z.txt","stack":"Error: ENOENT: no such file or directory, open 'C:\\Users\\navee\\OneDrive\\Desktop\\cba\\Backend\\report_2023-06-28T05-44-00.362Z.txt'","syscall":"open"}
{"code":"ENOENT","errno":-4058,"level":"error","message":"Failed to generate report: ENOENT: no such file or directory, open 'C:\\Users\\navee\\OneDrive\\Desktop\\cba\\Backend\\report_2023-06-28T05-45-00.339Z.txt'","path":"C:\\Users\\navee\\OneDrive\\Desktop\\cba\\Backend\\report_2023-06-28T05-45-00.339Z.txt","stack":"Error: ENOENT: no such file or directory, open 'C:\\Users\\navee\\OneDrive\\Desktop\\cba\\Backend\\report_2023-06-28T05-45-00.339Z.txt'","syscall":"open"}
{"code":"ENOENT","errno":-4058,"level":"error","message":"Failed to generate report: ENOENT: no such file or directory, open 'C:\\Users\\navee\\OneDrive\\Desktop\\cba\\Backend\\report_2023-06-28T05-46-00.329Z.txt'","path":"C:\\Users\\navee\\OneDrive\\Desktop\\cba\\Backend\\report_2023-06-28T05-46-00.329Z.txt","stack":"Error: ENOENT: no such file or directory, open 'C:\\Users\\navee\\OneDrive\\Desktop\\cba\\Backend\\report_2023-06-28T05-46-00.329Z.txt'","syscall":"open"}
{"code":"ENOENT","errno":-4058,"level":"error","message":"Failed to generate report: ENOENT: no such file or directory, open 'C:\\Users\\navee\\OneDrive\\Desktop\\cba\\Backend\\report_2023-06-28T05-47-00.330Z.txt'","path":"C:\\Users\\navee\\OneDrive\\Desktop\\cba\\Backend\\report_2023-06-28T05-47-00.330Z.txt","stack":"Error: ENOENT: no such file or directory, open 'C:\\Users\\navee\\OneDrive\\Desktop\\cba\\Backend\\report_2023-06-28T05-47-00.330Z.txt'","syscall":"open"}
